[I 08:53:53.391 NotebookApp] JupyterLab extension loaded from /software/python-anaconda-2020.02-el7-x86_64/lib/python3.7/site-packages/jupyterlab
[I 08:53:53.391 NotebookApp] JupyterLab application directory is /software/python-anaconda-2020.02-el7-x86_64/share/jupyter/lab
[W 08:53:53.416 NotebookApp] Error loading server extension voila
    Traceback (most recent call last):
      File "/software/python-anaconda-2020.02-el7-x86_64/lib/python3.7/site-packages/notebook/notebookapp.py", line 1670, in init_server_extensions
        mod = importlib.import_module(modulename)
      File "/software/python-anaconda-2020.02-el7-x86_64/lib/python3.7/importlib/__init__.py", line 127, in import_module
        return _bootstrap._gcd_import(name[level:], package, level)
      File "<frozen importlib._bootstrap>", line 1006, in _gcd_import
      File "<frozen importlib._bootstrap>", line 983, in _find_and_load
      File "<frozen importlib._bootstrap>", line 965, in _find_and_load_unlocked
    ModuleNotFoundError: No module named 'voila'
[I 08:53:53.455 NotebookApp] Serving notebooks from local directory: /project2/gilad
[I 08:53:53.455 NotebookApp] The Jupyter Notebook is running at:
[I 08:53:53.455 NotebookApp] http://10.50.119.96:8177/?token=8f6ac5f002b8a84dffcf82eb99deb4d61db7dbb806879afb
[I 08:53:53.455 NotebookApp]  or http://127.0.0.1:8177/?token=8f6ac5f002b8a84dffcf82eb99deb4d61db7dbb806879afb
[I 08:53:53.455 NotebookApp] Use Control-C to stop this server and shut down all kernels (twice to skip confirmation).
[C 08:53:53.724 NotebookApp] 
    
    To access the notebook, open this file in a browser:
        file:///home/jpopp/.local/share/jupyter/runtime/nbserver-54082-open.html
    Or copy and paste one of these URLs:
        http://10.50.119.96:8177/?token=8f6ac5f002b8a84dffcf82eb99deb4d61db7dbb806879afb
     or http://127.0.0.1:8177/?token=8f6ac5f002b8a84dffcf82eb99deb4d61db7dbb806879afb
[I 08:55:34.611 NotebookApp] 302 GET /?token=8f6ac5f002b8a84dffcf82eb99deb4d61db7dbb806879afb (10.50.220.71) 1.20ms
[I 08:55:51.012 NotebookApp] Kernel started: 328c91e7-22b5-4f1c-9374-bee304c9fb5a
[I 08:56:10.564 NotebookApp] Kernel started: dd8aacc4-b0f9-4a4d-a5a4-4238c288ed2d
[I 08:56:32.585 NotebookApp] Kernel interrupted: 328c91e7-22b5-4f1c-9374-bee304c9fb5a
[I 08:56:41.005 NotebookApp] Starting buffering for 328c91e7-22b5-4f1c-9374-bee304c9fb5a:7660ee22169a42b6a19d126c422cbaa0
[I 08:58:27.197 NotebookApp] Saving file at /jpopp/ebQTL/analysis/scVI_subset_troubleshoot.ipynb
slurmstepd-midway-l16b-31: error: *** JOB 14145962 ON midway-l16b-31 CANCELLED AT 2021-11-09T12:53:41 DUE TO TIME LIMIT ***
